<?xml version="1.0" encoding="UTF-8"?>
<!-- Generated by org.testng.reporters.JUnitReportReporter -->
<testsuite hostname="Lenov-AMD-Ryzen-5" failures="0" tests="2" name="TestClasses.Testclass1" time="126.706" errors="0" timestamp="2022-10-13T10:46:08 IST" skipped="0">
  <testcase classname="TestClasses.Testclass1" name="VerifytheRecruitment" time="100.955"/>
  <system-out/>
  <testcase classname="TestClasses.Testclass1" name="LoginTheOrangehrm" time="25.751"/>
  <system-out/>
</testsuite> <!-- TestClasses.Testclass1 -->
